Puarepp

Level 1 of the Dungeon
(0, 0, D:1)
  a leather armour
(0, 1, D:1)
  5 stones
(6, 15, D:1)
  a beast talisman
(8, -1, D:1)
  a chain mail
(8, 33, D:1)
  10 gold pieces
(10, 14, D:1)
  a ring mail
(14, -2, D:1)
  a scroll labelled PEX COUSIHYESK
(18, 22, D:1)
  9 stones
(19, 9, D:1)
  a scroll labelled ERHAPPA KO ROE
(20, 20, D:1)
  a glowing silvery potion
(24, 11, D:1)
  a ring mail
(27, 37, D:1)
  a gold piece
(28, 9, D:1)
  a scroll labelled PEX COUSIHYESK
(28, 25, D:1)
  4 stones
(30, 15, D:1)
  a metallic blue potion
(44, 27, D:1)
  8 stones
(45, 29, D:1)
  a leather armour
(48, 21, D:1)
  a kite shield
(49, 37, D:1)
  a dented emerald amulet
(51, 33, D:1)
  a leather armour

